-------------------------------------------------------------------------------
Test set: de.ttsa.TestClasses.OpCodePlayerTester.PlayerFunktionTest
-------------------------------------------------------------------------------
Tests run: 2, Failures: 0, Errors: 1, Skipped: 0, Time elapsed: 0.002 s <<< FAILURE! - in de.ttsa.TestClasses.OpCodePlayerTester.PlayerFunktionTest
testEmptyFile(de.ttsa.TestClasses.OpCodePlayerTester.PlayerFunktionTest)  Time elapsed: 0.001 s  <<< ERROR!
java.lang.RuntimeException: Game file is not a file!
	at de.ttsa.TestClasses.OpCodePlayerTester.PlayerFunktionTest.testEmptyFile(PlayerFunktionTest.java:16)

