-------------------------------------------------------------------------------
Test set: de.ttsa.TestClasses.OpCodePlayerTester.PlayerInputTest
-------------------------------------------------------------------------------
Tests run: 7, Failures: 7, Errors: 0, Skipped: 0, Time elapsed: 0.017 s <<< FAILURE! - in de.ttsa.TestClasses.OpCodePlayerTester.PlayerInputTest
testInputInOrderOffOrderStr(de.ttsa.TestClasses.OpCodePlayerTester.PlayerInputTest)  Time elapsed: 0.011 s  <<< FAILURE!
java.lang.AssertionError: expected:<1> but was:<0>
	at de.ttsa.TestClasses.OpCodePlayerTester.PlayerInputTest.testInputInOrderOffOrderStr(PlayerInputTest.java:71)

testInput(de.ttsa.TestClasses.OpCodePlayerTester.PlayerInputTest)  Time elapsed: 0 s  <<< FAILURE!
java.lang.AssertionError: expected:<null> but was:<hallo>
	at de.ttsa.TestClasses.OpCodePlayerTester.PlayerInputTest.testInput(PlayerInputTest.java:20)

testInputOffOrderStrAndStrVar(de.ttsa.TestClasses.OpCodePlayerTester.PlayerInputTest)  Time elapsed: 0.002 s  <<< FAILURE!
java.lang.AssertionError: expected:<1> but was:<0>
	at de.ttsa.TestClasses.OpCodePlayerTester.PlayerInputTest.testInputOffOrderStrAndStrVar(PlayerInputTest.java:95)

testInputOffOrderStr(de.ttsa.TestClasses.OpCodePlayerTester.PlayerInputTest)  Time elapsed: 0 s  <<< FAILURE!
java.lang.AssertionError: expected:<1> but was:<0>
	at de.ttsa.TestClasses.OpCodePlayerTester.PlayerInputTest.testInputOffOrderStr(PlayerInputTest.java:83)

testInputEQStrVar(de.ttsa.TestClasses.OpCodePlayerTester.PlayerInputTest)  Time elapsed: 0.001 s  <<< FAILURE!
java.lang.AssertionError: expected:<1> but was:<0>
	at de.ttsa.TestClasses.OpCodePlayerTester.PlayerInputTest.testInputEQStrVar(PlayerInputTest.java:47)

testInputEQStr(de.ttsa.TestClasses.OpCodePlayerTester.PlayerInputTest)  Time elapsed: 0.001 s  <<< FAILURE!
java.lang.AssertionError: expected:<1> but was:<0>
	at de.ttsa.TestClasses.OpCodePlayerTester.PlayerInputTest.testInputEQStr(PlayerInputTest.java:35)

testInputInOrderDoubleOffOrder(de.ttsa.TestClasses.OpCodePlayerTester.PlayerInputTest)  Time elapsed: 0.001 s  <<< FAILURE!
java.lang.AssertionError: expected:<1> but was:<0>
	at de.ttsa.TestClasses.OpCodePlayerTester.PlayerInputTest.testInputInOrderDoubleOffOrder(PlayerInputTest.java:59)

