-------------------------------------------------------------------------------
Test set: de.ttsa.TestClasses.OpCodeTestTester.TesterStrDecTest
-------------------------------------------------------------------------------
Tests run: 2, Failures: 1, Errors: 0, Skipped: 0, Time elapsed: 0.006 s <<< FAILURE! - in de.ttsa.TestClasses.OpCodeTestTester.TesterStrDecTest
testStrDec(de.ttsa.TestClasses.OpCodeTestTester.TesterStrDecTest)  Time elapsed: 0.006 s  <<< FAILURE!
java.lang.AssertionError: expected:<true> but was:<false>
	at de.ttsa.TestClasses.OpCodeTestTester.TesterStrDecTest.testStrDec(TesterStrDecTest.java:17)

