<?xml version="1.0" encoding="UTF-8"?>
<testsuite xmlns:xsi="http://www.w3.org/2001/XMLSchema-instance" xsi:noNamespaceSchemaLocation="https://maven.apache.org/surefire/maven-surefire-plugin/xsd/surefire-test-report.xsd" name="de.ttsa.TestClasses.OpCodePlayerTester.PlayerRoomTest" time="0.011" tests="5" errors="0" skipped="0" failures="0">
  <properties>
[...]
</properties>
  <testcase name="testRoomEmptyNameWithSpace" classname="de.ttsa.TestClasses.OpCodePlayerTester.PlayerRoomTest" time="0"/>
  <testcase name="testRoomEmpty" classname="de.ttsa.TestClasses.OpCodePlayerTester.PlayerRoomTest" time="0.002"/>
  <testcase name="testRoomEmptyWithCharAsNumber" classname="de.ttsa.TestClasses.OpCodePlayerTester.PlayerRoomTest" time="0"/>
  <testcase name="testRoomEmptyWithUnvalideRange" classname="de.ttsa.TestClasses.OpCodePlayerTester.PlayerRoomTest" time="0"/>
  <testcase name="testRoomWithSay" classname="de.ttsa.TestClasses.OpCodePlayerTester.PlayerRoomTest" time="0.003"/>
</testsuite>