<?xml version="1.0" encoding="UTF-8"?>
<testsuite xmlns:xsi="http://www.w3.org/2001/XMLSchema-instance" xsi:noNamespaceSchemaLocation="https://maven.apache.org/surefire/maven-surefire-plugin/xsd/surefire-test-report-3.0.xsd" version="3.0" name="de.ttsa.TestClasses.OpCodePlayerTester.PlayerSayTest" time="0.009" tests="10" errors="0" skipped="0" failures="0">
  <properties>
    <property name="java.specification.version" value="17"/>
    <property name="sun.jnu.encoding" value="UTF-8"/>
    <property name="java.class.path" value="/home/leodora/Documents/Dev/Java/Text to Speech Adventure/target/test-classes:/home/leodora/Documents/Dev/Java/Text to Speech Adventure/target/classes:/home/leodora/.m2/repository/junit/junit/4.11/junit-4.11.jar:/home/leodora/.m2/repository/org/hamcrest/hamcrest-core/1.3/hamcrest-core-1.3.jar:/home/leodora/.m2/repository/org/openjfx/javafx-controls/17/javafx-controls-17.jar:/home/leodora/.m2/repository/org/openjfx/javafx-controls/17/javafx-controls-17-linux.jar:/home/leodora/.m2/repository/org/openjfx/javafx-graphics/17/javafx-graphics-17.jar:/home/leodora/.m2/repository/org/openjfx/javafx-graphics/17/javafx-graphics-17-linux.jar:/home/leodora/.m2/repository/org/openjfx/javafx-base/17/javafx-base-17.jar:/home/leodora/.m2/repository/org/openjfx/javafx-base/17/javafx-base-17-linux.jar:/home/leodora/.m2/repository/org/openjfx/javafx-fxml/17/javafx-fxml-17.jar:/home/leodora/.m2/repository/org/openjfx/javafx-fxml/17/javafx-fxml-17-linux.jar:"/>
    <property name="java.vm.vendor" value="Red Hat, Inc."/>
    <property name="sun.arch.data.model" value="64"/>
    <property name="java.vendor.url" value="https://www.redhat.com/"/>
    <property name="os.name" value="Linux"/>
    <property name="java.vm.specification.version" value="17"/>
    <property name="sun.java.launcher" value="SUN_STANDARD"/>
    <property name="user.country" value="US"/>
    <property name="sun.boot.library.path" value="/usr/lib/jvm/java-17-openjdk-17.0.9.0.9-3.fc39.x86_64/lib"/>
    <property name="sun.java.command" value="/home/leodora/Documents/Dev/Java/Text to Speech Adventure/target/surefire/surefirebooter-20240210122911862_3.jar /home/leodora/Documents/Dev/Java/Text to Speech Adventure/target/surefire 2024-02-10T12-29-11_752-jvmRun1 surefire-20240210122911862_1tmp surefire_0-20240210122911862_2tmp"/>
    <property name="jdk.debug" value="release"/>
    <property name="surefire.test.class.path" value="/home/leodora/Documents/Dev/Java/Text to Speech Adventure/target/test-classes:/home/leodora/Documents/Dev/Java/Text to Speech Adventure/target/classes:/home/leodora/.m2/repository/junit/junit/4.11/junit-4.11.jar:/home/leodora/.m2/repository/org/hamcrest/hamcrest-core/1.3/hamcrest-core-1.3.jar:/home/leodora/.m2/repository/org/openjfx/javafx-controls/17/javafx-controls-17.jar:/home/leodora/.m2/repository/org/openjfx/javafx-controls/17/javafx-controls-17-linux.jar:/home/leodora/.m2/repository/org/openjfx/javafx-graphics/17/javafx-graphics-17.jar:/home/leodora/.m2/repository/org/openjfx/javafx-graphics/17/javafx-graphics-17-linux.jar:/home/leodora/.m2/repository/org/openjfx/javafx-base/17/javafx-base-17.jar:/home/leodora/.m2/repository/org/openjfx/javafx-base/17/javafx-base-17-linux.jar:/home/leodora/.m2/repository/org/openjfx/javafx-fxml/17/javafx-fxml-17.jar:/home/leodora/.m2/repository/org/openjfx/javafx-fxml/17/javafx-fxml-17-linux.jar:"/>
    <property name="sun.cpu.endian" value="little"/>
    <property name="user.home" value="/home/leodora"/>
    <property name="user.language" value="en"/>
    <property name="java.specification.vendor" value="Oracle Corporation"/>
    <property name="java.version.date" value="2023-10-17"/>
    <property name="java.home" value="/usr/lib/jvm/java-17-openjdk-17.0.9.0.9-3.fc39.x86_64"/>
    <property name="file.separator" value="/"/>
    <property name="basedir" value="/home/leodora/Documents/Dev/Java/Text to Speech Adventure"/>
    <property name="java.vm.compressedOopsMode" value="Zero based"/>
    <property name="line.separator" value="&#10;"/>
    <property name="java.vm.specification.vendor" value="Oracle Corporation"/>
    <property name="java.specification.name" value="Java Platform API Specification"/>
    <property name="surefire.real.class.path" value="/home/leodora/Documents/Dev/Java/Text to Speech Adventure/target/surefire/surefirebooter-20240210122911862_3.jar"/>
    <property name="sun.management.compiler" value="HotSpot 64-Bit Tiered Compilers"/>
    <property name="java.runtime.version" value="17.0.9+9"/>
    <property name="user.name" value="leodora"/>
    <property name="path.separator" value=":"/>
    <property name="os.version" value="6.6.14-200.fc39.x86_64"/>
    <property name="java.runtime.name" value="OpenJDK Runtime Environment"/>
    <property name="file.encoding" value="UTF-8"/>
    <property name="java.vm.name" value="OpenJDK 64-Bit Server VM"/>
    <property name="java.vendor.version" value="(Red_Hat-17.0.9.0.9-4)"/>
    <property name="localRepository" value="/home/leodora/.m2/repository"/>
    <property name="java.vendor.url.bug" value="https://bugzilla.redhat.com/enter_bug.cgi?product=Fedora&amp;component=java-17-openjdk&amp;version=38"/>
    <property name="java.io.tmpdir" value="/tmp"/>
    <property name="java.version" value="17.0.9"/>
    <property name="user.dir" value="/home/leodora/Documents/Dev/Java/Text to Speech Adventure"/>
    <property name="os.arch" value="amd64"/>
    <property name="java.vm.specification.name" value="Java Virtual Machine Specification"/>
    <property name="native.encoding" value="UTF-8"/>
    <property name="java.library.path" value="/usr/java/packages/lib:/usr/lib64:/lib64:/lib:/usr/lib"/>
    <property name="java.vm.info" value="mixed mode, sharing"/>
    <property name="java.vendor" value="Red Hat, Inc."/>
    <property name="java.vm.version" value="17.0.9+9"/>
    <property name="sun.io.unicode.encoding" value="UnicodeLittle"/>
    <property name="java.class.version" value="61.0"/>
  </properties>
  <testcase name="testSayMultipleFixStringsAtOnce" classname="de.ttsa.TestClasses.OpCodePlayerTester.PlayerSayTest" time="0"/>
  <testcase name="testSayNumVar" classname="de.ttsa.TestClasses.OpCodePlayerTester.PlayerSayTest" time="0"/>
  <testcase name="testSayStrVar" classname="de.ttsa.TestClasses.OpCodePlayerTester.PlayerSayTest" time="0"/>
  <testcase name="testSayMultipleSaysFixStrings" classname="de.ttsa.TestClasses.OpCodePlayerTester.PlayerSayTest" time="0"/>
  <testcase name="testSayFixStringAndStrVar" classname="de.ttsa.TestClasses.OpCodePlayerTester.PlayerSayTest" time="0.001"/>
  <testcase name="testSayNonExistingVar" classname="de.ttsa.TestClasses.OpCodePlayerTester.PlayerSayTest" time="0.004">
    <system-err><![CDATA[java.lang.RuntimeException: Say argument B is not valid!
	at de.ttsa.ConsoleGame.Player.GameScriptBuilder.say(GameScriptBuilder.java:251)
	at de.ttsa.ConsoleGame.Player.GameScriptBuilder.loadGame(GameScriptBuilder.java:75)
	at de.ttsa.ConsoleGame.Player.GameScriptBuilder.room(GameScriptBuilder.java:274)
	at de.ttsa.ConsoleGame.Player.GameScriptBuilder.loadGame(GameScriptBuilder.java:91)
	at de.ttsa.ConsoleGame.Player.GameScriptBuilder.load(GameScriptBuilder.java:47)
	at de.ttsa.ConsoleGame.Player.GameBuilder.build(GameBuilder.java:36)
	at de.ttsa.ConsoleGame.Player.Player.buildGame(Player.java:41)
	at de.ttsa.ConsoleGame.Player.Player.play(Player.java:36)
	at de.ttsa.TestClasses.OpCodePlayerTester.PlayerSayTest.testSayNonExistingVar(PlayerSayTest.java:134)
	at java.base/jdk.internal.reflect.NativeMethodAccessorImpl.invoke0(Native Method)
	at java.base/jdk.internal.reflect.NativeMethodAccessorImpl.invoke(NativeMethodAccessorImpl.java:77)
	at java.base/jdk.internal.reflect.DelegatingMethodAccessorImpl.invoke(DelegatingMethodAccessorImpl.java:43)
	at java.base/java.lang.reflect.Method.invoke(Method.java:568)
	at org.junit.runners.model.FrameworkMethod$1.runReflectiveCall(FrameworkMethod.java:47)
	at org.junit.internal.runners.model.ReflectiveCallable.run(ReflectiveCallable.java:12)
	at org.junit.runners.model.FrameworkMethod.invokeExplosively(FrameworkMethod.java:44)
	at org.junit.internal.runners.statements.InvokeMethod.evaluate(InvokeMethod.java:17)
	at org.junit.runners.ParentRunner.runLeaf(ParentRunner.java:271)
	at org.junit.runners.BlockJUnit4ClassRunner.runChild(BlockJUnit4ClassRunner.java:70)
	at org.junit.runners.BlockJUnit4ClassRunner.runChild(BlockJUnit4ClassRunner.java:50)
	at org.junit.runners.ParentRunner$3.run(ParentRunner.java:238)
	at org.junit.runners.ParentRunner$1.schedule(ParentRunner.java:63)
	at org.junit.runners.ParentRunner.runChildren(ParentRunner.java:236)
	at org.junit.runners.ParentRunner.access$000(ParentRunner.java:53)
	at org.junit.runners.ParentRunner$2.evaluate(ParentRunner.java:229)
	at org.junit.runners.ParentRunner.run(ParentRunner.java:309)
	at org.apache.maven.surefire.junit4.JUnit4Provider.execute(JUnit4Provider.java:316)
	at org.apache.maven.surefire.junit4.JUnit4Provider.executeWithRerun(JUnit4Provider.java:240)
	at org.apache.maven.surefire.junit4.JUnit4Provider.executeTestSet(JUnit4Provider.java:214)
	at org.apache.maven.surefire.junit4.JUnit4Provider.invoke(JUnit4Provider.java:155)
	at org.apache.maven.surefire.booter.ForkedBooter.runSuitesInProcess(ForkedBooter.java:385)
	at org.apache.maven.surefire.booter.ForkedBooter.execute(ForkedBooter.java:162)
	at org.apache.maven.surefire.booter.ForkedBooter.run(ForkedBooter.java:507)
	at org.apache.maven.surefire.booter.ForkedBooter.main(ForkedBooter.java:495)
]]></system-err>
  </testcase>
  <testcase name="testSayStrVarAndNumVar" classname="de.ttsa.TestClasses.OpCodePlayerTester.PlayerSayTest" time="0"/>
  <testcase name="testSayFixNumber" classname="de.ttsa.TestClasses.OpCodePlayerTester.PlayerSayTest" time="0.003">
    <system-err><![CDATA[java.lang.RuntimeException: Say argument 6 is not valid!
	at de.ttsa.ConsoleGame.Player.GameScriptBuilder.say(GameScriptBuilder.java:255)
	at de.ttsa.ConsoleGame.Player.GameScriptBuilder.loadGame(GameScriptBuilder.java:75)
	at de.ttsa.ConsoleGame.Player.GameScriptBuilder.room(GameScriptBuilder.java:274)
	at de.ttsa.ConsoleGame.Player.GameScriptBuilder.loadGame(GameScriptBuilder.java:91)
	at de.ttsa.ConsoleGame.Player.GameScriptBuilder.load(GameScriptBuilder.java:47)
	at de.ttsa.ConsoleGame.Player.GameBuilder.build(GameBuilder.java:36)
	at de.ttsa.ConsoleGame.Player.Player.buildGame(Player.java:41)
	at de.ttsa.ConsoleGame.Player.Player.play(Player.java:36)
	at de.ttsa.TestClasses.OpCodePlayerTester.PlayerSayTest.testSayFixNumber(PlayerSayTest.java:149)
	at java.base/jdk.internal.reflect.NativeMethodAccessorImpl.invoke0(Native Method)
	at java.base/jdk.internal.reflect.NativeMethodAccessorImpl.invoke(NativeMethodAccessorImpl.java:77)
	at java.base/jdk.internal.reflect.DelegatingMethodAccessorImpl.invoke(DelegatingMethodAccessorImpl.java:43)
	at java.base/java.lang.reflect.Method.invoke(Method.java:568)
	at org.junit.runners.model.FrameworkMethod$1.runReflectiveCall(FrameworkMethod.java:47)
	at org.junit.internal.runners.model.ReflectiveCallable.run(ReflectiveCallable.java:12)
	at org.junit.runners.model.FrameworkMethod.invokeExplosively(FrameworkMethod.java:44)
	at org.junit.internal.runners.statements.InvokeMethod.evaluate(InvokeMethod.java:17)
	at org.junit.runners.ParentRunner.runLeaf(ParentRunner.java:271)
	at org.junit.runners.BlockJUnit4ClassRunner.runChild(BlockJUnit4ClassRunner.java:70)
	at org.junit.runners.BlockJUnit4ClassRunner.runChild(BlockJUnit4ClassRunner.java:50)
	at org.junit.runners.ParentRunner$3.run(ParentRunner.java:238)
	at org.junit.runners.ParentRunner$1.schedule(ParentRunner.java:63)
	at org.junit.runners.ParentRunner.runChildren(ParentRunner.java:236)
	at org.junit.runners.ParentRunner.access$000(ParentRunner.java:53)
	at org.junit.runners.ParentRunner$2.evaluate(ParentRunner.java:229)
	at org.junit.runners.ParentRunner.run(ParentRunner.java:309)
	at org.apache.maven.surefire.junit4.JUnit4Provider.execute(JUnit4Provider.java:316)
	at org.apache.maven.surefire.junit4.JUnit4Provider.executeWithRerun(JUnit4Provider.java:240)
	at org.apache.maven.surefire.junit4.JUnit4Provider.executeTestSet(JUnit4Provider.java:214)
	at org.apache.maven.surefire.junit4.JUnit4Provider.invoke(JUnit4Provider.java:155)
	at org.apache.maven.surefire.booter.ForkedBooter.runSuitesInProcess(ForkedBooter.java:385)
	at org.apache.maven.surefire.booter.ForkedBooter.execute(ForkedBooter.java:162)
	at org.apache.maven.surefire.booter.ForkedBooter.run(ForkedBooter.java:507)
	at org.apache.maven.surefire.booter.ForkedBooter.main(ForkedBooter.java:495)
]]></system-err>
  </testcase>
  <testcase name="testSayFixString" classname="de.ttsa.TestClasses.OpCodePlayerTester.PlayerSayTest" time="0"/>
  <testcase name="testSayNumVarAndFixString" classname="de.ttsa.TestClasses.OpCodePlayerTester.PlayerSayTest" time="0.001"/>
</testsuite>