<?xml version="1.0" encoding="UTF-8"?>
<testsuite xmlns:xsi="http://www.w3.org/2001/XMLSchema-instance" xsi:noNamespaceSchemaLocation="https://maven.apache.org/surefire/maven-surefire-plugin/xsd/surefire-test-report-3.0.xsd" version="3.0" name="de.ttsa.TestClasses.OpCodePlayerTester.PlayerSayTest" time="0.009" tests="10" errors="0" skipped="0" failures="0">
  <properties>
[...]
</properties>
  <testcase name="testSayMultipleFixStringsAtOnce" classname="de.ttsa.TestClasses.OpCodePlayerTester.PlayerSayTest" time="0"/>
  <testcase name="testSayNumVar" classname="de.ttsa.TestClasses.OpCodePlayerTester.PlayerSayTest" time="0"/>
  <testcase name="testSayStrVar" classname="de.ttsa.TestClasses.OpCodePlayerTester.PlayerSayTest" time="0"/>
  <testcase name="testSayMultipleSaysFixStrings" classname="de.ttsa.TestClasses.OpCodePlayerTester.PlayerSayTest" time="0"/>
  <testcase name="testSayFixStringAndStrVar" classname="de.ttsa.TestClasses.OpCodePlayerTester.PlayerSayTest" time="0.001"/>
  <testcase name="testSayNonExistingVar" classname="de.ttsa.TestClasses.OpCodePlayerTester.PlayerSayTest" time="0.004">
    <system-err><![CDATA[java.lang.RuntimeException: Say argument B is not valid!
	at de.ttsa.ConsoleGame.Player.GameScriptBuilder.say(GameScriptBuilder.java:251)
	at de.ttsa.ConsoleGame.Player.GameScriptBuilder.loadGame(GameScriptBuilder.java:75)
	at de.ttsa.ConsoleGame.Player.GameScriptBuilder.room(GameScriptBuilder.java:274)
	at de.ttsa.ConsoleGame.Player.GameScriptBuilder.loadGame(GameScriptBuilder.java:91)
	at de.ttsa.ConsoleGame.Player.GameScriptBuilder.load(GameScriptBuilder.java:47)
	at de.ttsa.ConsoleGame.Player.GameBuilder.build(GameBuilder.java:36)
	at de.ttsa.ConsoleGame.Player.Player.buildGame(Player.java:41)
	at de.ttsa.ConsoleGame.Player.Player.play(Player.java:36)
	at de.ttsa.TestClasses.OpCodePlayerTester.PlayerSayTest.testSayNonExistingVar(PlayerSayTest.java:134)
	at java.base/jdk.internal.reflect.NativeMethodAccessorImpl.invoke0(Native Method)
	at java.base/jdk.internal.reflect.NativeMethodAccessorImpl.invoke(NativeMethodAccessorImpl.java:77)
	at java.base/jdk.internal.reflect.DelegatingMethodAccessorImpl.invoke(DelegatingMethodAccessorImpl.java:43)
	at java.base/java.lang.reflect.Method.invoke(Method.java:568)
	at org.junit.runners.model.FrameworkMethod$1.runReflectiveCall(FrameworkMethod.java:47)
	at org.junit.internal.runners.model.ReflectiveCallable.run(ReflectiveCallable.java:12)
	at org.junit.runners.model.FrameworkMethod.invokeExplosively(FrameworkMethod.java:44)
	at org.junit.internal.runners.statements.InvokeMethod.evaluate(InvokeMethod.java:17)
	at org.junit.runners.ParentRunner.runLeaf(ParentRunner.java:271)
	at org.junit.runners.BlockJUnit4ClassRunner.runChild(BlockJUnit4ClassRunner.java:70)
	at org.junit.runners.BlockJUnit4ClassRunner.runChild(BlockJUnit4ClassRunner.java:50)
	at org.junit.runners.ParentRunner$3.run(ParentRunner.java:238)
	at org.junit.runners.ParentRunner$1.schedule(ParentRunner.java:63)
	at org.junit.runners.ParentRunner.runChildren(ParentRunner.java:236)
	at org.junit.runners.ParentRunner.access$000(ParentRunner.java:53)
	at org.junit.runners.ParentRunner$2.evaluate(ParentRunner.java:229)
	at org.junit.runners.ParentRunner.run(ParentRunner.java:309)
	at org.apache.maven.surefire.junit4.JUnit4Provider.execute(JUnit4Provider.java:316)
	at org.apache.maven.surefire.junit4.JUnit4Provider.executeWithRerun(JUnit4Provider.java:240)
	at org.apache.maven.surefire.junit4.JUnit4Provider.executeTestSet(JUnit4Provider.java:214)
	at org.apache.maven.surefire.junit4.JUnit4Provider.invoke(JUnit4Provider.java:155)
	at org.apache.maven.surefire.booter.ForkedBooter.runSuitesInProcess(ForkedBooter.java:385)
	at org.apache.maven.surefire.booter.ForkedBooter.execute(ForkedBooter.java:162)
	at org.apache.maven.surefire.booter.ForkedBooter.run(ForkedBooter.java:507)
	at org.apache.maven.surefire.booter.ForkedBooter.main(ForkedBooter.java:495)
]]></system-err>
  </testcase>
  <testcase name="testSayStrVarAndNumVar" classname="de.ttsa.TestClasses.OpCodePlayerTester.PlayerSayTest" time="0"/>
  <testcase name="testSayFixNumber" classname="de.ttsa.TestClasses.OpCodePlayerTester.PlayerSayTest" time="0.003">
    <system-err><![CDATA[java.lang.RuntimeException: Say argument 6 is not valid!
	at de.ttsa.ConsoleGame.Player.GameScriptBuilder.say(GameScriptBuilder.java:255)
	at de.ttsa.ConsoleGame.Player.GameScriptBuilder.loadGame(GameScriptBuilder.java:75)
	at de.ttsa.ConsoleGame.Player.GameScriptBuilder.room(GameScriptBuilder.java:274)
	at de.ttsa.ConsoleGame.Player.GameScriptBuilder.loadGame(GameScriptBuilder.java:91)
	at de.ttsa.ConsoleGame.Player.GameScriptBuilder.load(GameScriptBuilder.java:47)
	at de.ttsa.ConsoleGame.Player.GameBuilder.build(GameBuilder.java:36)
	at de.ttsa.ConsoleGame.Player.Player.buildGame(Player.java:41)
	at de.ttsa.ConsoleGame.Player.Player.play(Player.java:36)
	at de.ttsa.TestClasses.OpCodePlayerTester.PlayerSayTest.testSayFixNumber(PlayerSayTest.java:149)
	at java.base/jdk.internal.reflect.NativeMethodAccessorImpl.invoke0(Native Method)
	at java.base/jdk.internal.reflect.NativeMethodAccessorImpl.invoke(NativeMethodAccessorImpl.java:77)
	at java.base/jdk.internal.reflect.DelegatingMethodAccessorImpl.invoke(DelegatingMethodAccessorImpl.java:43)
	at java.base/java.lang.reflect.Method.invoke(Method.java:568)
	at org.junit.runners.model.FrameworkMethod$1.runReflectiveCall(FrameworkMethod.java:47)
	at org.junit.internal.runners.model.ReflectiveCallable.run(ReflectiveCallable.java:12)
	at org.junit.runners.model.FrameworkMethod.invokeExplosively(FrameworkMethod.java:44)
	at org.junit.internal.runners.statements.InvokeMethod.evaluate(InvokeMethod.java:17)
	at org.junit.runners.ParentRunner.runLeaf(ParentRunner.java:271)
	at org.junit.runners.BlockJUnit4ClassRunner.runChild(BlockJUnit4ClassRunner.java:70)
	at org.junit.runners.BlockJUnit4ClassRunner.runChild(BlockJUnit4ClassRunner.java:50)
	at org.junit.runners.ParentRunner$3.run(ParentRunner.java:238)
	at org.junit.runners.ParentRunner$1.schedule(ParentRunner.java:63)
	at org.junit.runners.ParentRunner.runChildren(ParentRunner.java:236)
	at org.junit.runners.ParentRunner.access$000(ParentRunner.java:53)
	at org.junit.runners.ParentRunner$2.evaluate(ParentRunner.java:229)
	at org.junit.runners.ParentRunner.run(ParentRunner.java:309)
	at org.apache.maven.surefire.junit4.JUnit4Provider.execute(JUnit4Provider.java:316)
	at org.apache.maven.surefire.junit4.JUnit4Provider.executeWithRerun(JUnit4Provider.java:240)
	at org.apache.maven.surefire.junit4.JUnit4Provider.executeTestSet(JUnit4Provider.java:214)
	at org.apache.maven.surefire.junit4.JUnit4Provider.invoke(JUnit4Provider.java:155)
	at org.apache.maven.surefire.booter.ForkedBooter.runSuitesInProcess(ForkedBooter.java:385)
	at org.apache.maven.surefire.booter.ForkedBooter.execute(ForkedBooter.java:162)
	at org.apache.maven.surefire.booter.ForkedBooter.run(ForkedBooter.java:507)
	at org.apache.maven.surefire.booter.ForkedBooter.main(ForkedBooter.java:495)
]]></system-err>
  </testcase>
  <testcase name="testSayFixString" classname="de.ttsa.TestClasses.OpCodePlayerTester.PlayerSayTest" time="0"/>
  <testcase name="testSayNumVarAndFixString" classname="de.ttsa.TestClasses.OpCodePlayerTester.PlayerSayTest" time="0.001"/>
</testsuite>